Using pre-set license
Built from '2020.3/staging' branch; Version is '2020.3.13f1 (71691879b7f5) revision 7432472'; Using compiler version '192528614'; Build Type 'Release'
OS: 'Windows 10 Education; OS build 19042.1083; Version 2009; 64bit' Language: 'ko' Physical Memory: 7541 MB
BatchMode: 1, IsHumanControllingUs: 0, StartBugReporterOnCrash: 0, Is64bit: 1, IsPro: 0

 COMMAND LINE ARGUMENTS:
C:\Program Files\Unity\Hub\Editor\2020.3.13f1\Editor\Unity.exe
-adb2
-batchMode
-noUpm
-name
AssetImportWorker0
-projectPath
C:/Users/epicl/unitystudy/Ball
-logFile
Logs/AssetImportWorker0.log
-srvPort
12610
Successfully changed project path to: C:/Users/epicl/unitystudy/Ball
C:/Users/epicl/unitystudy/Ball
Using Asset Import Pipeline V2.
Refreshing native plugins compatible for Editor in 30.91 ms, found 2 plugins.
Preloading 0 native plugins for Editor in 0.00 ms.
Initialize engine version: 2020.3.13f1 (71691879b7f5)
[Subsystems] Discovering subsystems at path C:/Program Files/Unity/Hub/Editor/2020.3.13f1/Editor/Data/Resources/UnitySubsystems
[Subsystems] Discovering subsystems at path C:/Users/epicl/unitystudy/Ball/Assets
GfxDevice: creating device client; threaded=0
Direct3D:
    Version:  Direct3D 11.0 [level 11.1]
    Renderer: AMD Radeon(TM) Graphics (ID=0x1636)
    Vendor:   
    VRAM:     3770 MB
    Driver:   27.20.15002.118
Initialize mono
Mono path[0] = 'C:/Program Files/Unity/Hub/Editor/2020.3.13f1/Editor/Data/Managed'
Mono path[1] = 'C:/Program Files/Unity/Hub/Editor/2020.3.13f1/Editor/Data/MonoBleedingEdge/lib/mono/unityjit'
Mono config path = 'C:/Program Files/Unity/Hub/Editor/2020.3.13f1/Editor/Data/MonoBleedingEdge/etc'
Using monoOptions --debugger-agent=transport=dt_socket,embedding=1,server=y,suspend=n,address=127.0.0.1:56536
Begin MonoManager ReloadAssembly
Registering precompiled unity dll's ...
Register platform support module: C:/Program Files/Unity/Hub/Editor/2020.3.13f1/Editor/Data/PlaybackEngines/WindowsStandaloneSupport/UnityEditor.WindowsStandalone.Extensions.dll
Registered in 0.002656 seconds.
Native extension for WindowsStandalone target not found
Refreshing native plugins compatible for Editor in 25.81 ms, found 2 plugins.
Preloading 0 native plugins for Editor in 0.00 ms.
Mono: successfully reloaded assembly
- Completed reload, in  1.117 seconds
Platform modules already initialized, skipping
Registering precompiled user dll's ...
Registered in 0.005198 seconds.
Begin MonoManager ReloadAssembly
Native extension for WindowsStandalone target not found
Refreshing native plugins compatible for Editor in 0.48 ms, found 2 plugins.
Preloading 0 native plugins for Editor in 0.00 ms.
Mono: successfully reloaded assembly
- Completed reload, in  0.938 seconds
Platform modules already initialized, skipping
========================================================================
Worker process is ready to serve import requests
Launched and connected shader compiler UnityShaderCompiler.exe after 0.06 seconds
Refreshing native plugins compatible for Editor in 0.30 ms, found 2 plugins.
Preloading 0 native plugins for Editor in 0.00 ms.
Unloading 1395 Unused Serialized files (Serialized files now loaded: 0)
System memory in use before: 64.9 MB.
System memory in use after: 65.0 MB.

Unloading 19 unused Assets to reduce memory usage. Loaded Objects now: 1828.
Total: 2.471100 ms (FindLiveObjects: 0.265700 ms CreateObjectMapping: 0.088300 ms MarkObjects: 2.030100 ms  DeleteObjects: 0.084900 ms)

AssetImportParameters requested are different than current active one (requested -> active):
  custom:framework-win-MediaFoundation: 216162199b28c13a410421893ffa2e32 -> 
  custom:video-decoder-ogg-theora: a1e56fd34408186e4bbccfd4996cb3dc -> 
  custom:container-muxer-webm: aa71ff27fc2769a1b78a27578f13a17b -> 
  custom:container-demuxer-webm: 4f35f7cbe854078d1ac9338744f61a02 -> 
  custom:container-demuxer-ogg: 62fdf1f143b41e24485cea50d1cbac27 -> 
  custom:video-encoder-webm-vp8: eb34c28f22e8b96e1ab97ce403110664 -> 
  custom:video-decoder-webm-vp8: 9c59270c3fd7afecdb556c50c9e8de78 -> 
  custom:audio-decoder-ogg-vorbis: bf7c407c2cedff20999df2af8eb42d56 -> 
  custom:audio-encoder-webm-vorbis: bf7c407c2cedff20999df2af8eb42d56 -> 
========================================================================
Received Import Request.
  path: Assets/New Material.mat
  artifactKey: Guid(c97e383fddb393343b4391b6ee0567de) Importer(815301076,1909f56bfc062723c751e8b465ee728b)
Start importing Assets/New Material.mat using Guid(c97e383fddb393343b4391b6ee0567de) Importer(815301076,1909f56bfc062723c751e8b465ee728b)  -> (artifact id: '183f70f0b766e37f625482f43acd2043') in 0.131689 seconds 
  Import took 0.134165 seconds .

========================================================================
Received Import Request.
  Time since last request: 37.880313 seconds.
  path: Assets/Obstacle.cs
  artifactKey: Guid(1995f58594384774b86c6c460c20636e) Importer(815301076,1909f56bfc062723c751e8b465ee728b)
Start importing Assets/Obstacle.cs using Guid(1995f58594384774b86c6c460c20636e) Importer(815301076,1909f56bfc062723c751e8b465ee728b)  -> (artifact id: 'b723d0832b539ce4f9ef8309755ca767') in 0.026431 seconds 
  Import took 0.029605 seconds .

========================================================================
Received Import Request.
  Time since last request: 1427.687217 seconds.
  path: Assets/Ground.cs
  artifactKey: Guid(308c758599dba0a4c806d7cc7e65ba12) Importer(815301076,1909f56bfc062723c751e8b465ee728b)
Start importing Assets/Ground.cs using Guid(308c758599dba0a4c806d7cc7e65ba12) Importer(815301076,1909f56bfc062723c751e8b465ee728b)  -> (artifact id: 'ac8302ba829f9dd70aacb17cf59b9f28') in 0.009471 seconds 
  Import took 0.012373 seconds .

========================================================================
Received Import Request.
  Time since last request: 1.790094 seconds.
  path: Assets/Ground.cs
  artifactKey: Guid(308c758599dba0a4c806d7cc7e65ba12) Importer(815301076,1909f56bfc062723c751e8b465ee728b)
Start importing Assets/Ground.cs using Guid(308c758599dba0a4c806d7cc7e65ba12) Importer(815301076,1909f56bfc062723c751e8b465ee728b)  -> (artifact id: 'ac8302ba829f9dd70aacb17cf59b9f28') in 0.009281 seconds 
  Import took 0.012649 seconds .

========================================================================
Received Import Request.
  Time since last request: 4.449747 seconds.
  path: Assets/Ball.cs
  artifactKey: Guid(6c4bdb8ee2f76b542b0b62a3da7d1bb5) Importer(815301076,1909f56bfc062723c751e8b465ee728b)
Start importing Assets/Ball.cs using Guid(6c4bdb8ee2f76b542b0b62a3da7d1bb5) Importer(815301076,1909f56bfc062723c751e8b465ee728b)  -> (artifact id: '4c1d8a50981cd60fb07e20bab6102577') in 0.008521 seconds 
  Import took 0.011438 seconds .

========================================================================
Received Import Request.
  Time since last request: 0.002936 seconds.
  path: Assets/Ball.cs
  artifactKey: Guid(6c4bdb8ee2f76b542b0b62a3da7d1bb5) Importer(815301076,1909f56bfc062723c751e8b465ee728b)
Start importing Assets/Ball.cs using Guid(6c4bdb8ee2f76b542b0b62a3da7d1bb5) Importer(815301076,1909f56bfc062723c751e8b465ee728b)  -> (artifact id: '4c1d8a50981cd60fb07e20bab6102577') in 0.005464 seconds 
  Import took 0.009633 seconds .

========================================================================
Received Import Request.
  Time since last request: 1425.451027 seconds.
  path: Assets/CameraWork.cs
  artifactKey: Guid(8e1792f36ad798041b361514ed891341) Importer(815301076,1909f56bfc062723c751e8b465ee728b)
Start importing Assets/CameraWork.cs using Guid(8e1792f36ad798041b361514ed891341) Importer(815301076,1909f56bfc062723c751e8b465ee728b)  -> (artifact id: '6086caabd3e5af7ff7750c8f61ca57eb') in 0.013027 seconds 
  Import took 0.016446 seconds .

========================================================================
Received Import Request.
  Time since last request: 0.001032 seconds.
  path: Assets/CameraWork.cs
  artifactKey: Guid(8e1792f36ad798041b361514ed891341) Importer(815301076,1909f56bfc062723c751e8b465ee728b)
Start importing Assets/CameraWork.cs using Guid(8e1792f36ad798041b361514ed891341) Importer(815301076,1909f56bfc062723c751e8b465ee728b)  -> (artifact id: '6086caabd3e5af7ff7750c8f61ca57eb') in 0.005405 seconds 
  Import took 0.008358 seconds .

========================================================================
Received Prepare
Registering precompiled user dll's ...
Registered in 0.008912 seconds.
Begin MonoManager ReloadAssembly
Native extension for WindowsStandalone target not found
Refreshing native plugins compatible for Editor in 0.35 ms, found 2 plugins.
Preloading 0 native plugins for Editor in 0.00 ms.
Mono: successfully reloaded assembly
- Completed reload, in  0.875 seconds
Platform modules already initialized, skipping
Refreshing native plugins compatible for Editor in 0.36 ms, found 2 plugins.
Preloading 0 native plugins for Editor in 0.00 ms.
Unloading 1390 Unused Serialized files (Serialized files now loaded: 0)
System memory in use before: 68.1 MB.
System memory in use after: 68.2 MB.

Unloading 14 unused Assets to reduce memory usage. Loaded Objects now: 1871.
Total: 1.994900 ms (FindLiveObjects: 0.211900 ms CreateObjectMapping: 0.063600 ms MarkObjects: 1.658800 ms  DeleteObjects: 0.059200 ms)

AssetImportParameters requested are different than current active one (requested -> active):
  custom:framework-win-MediaFoundation: 216162199b28c13a410421893ffa2e32 -> 
  custom:video-decoder-ogg-theora: a1e56fd34408186e4bbccfd4996cb3dc -> 
  custom:container-muxer-webm: aa71ff27fc2769a1b78a27578f13a17b -> 
  custom:container-demuxer-webm: 4f35f7cbe854078d1ac9338744f61a02 -> 
  custom:container-demuxer-ogg: 62fdf1f143b41e24485cea50d1cbac27 -> 
  custom:video-encoder-webm-vp8: eb34c28f22e8b96e1ab97ce403110664 -> 
  custom:video-decoder-webm-vp8: 9c59270c3fd7afecdb556c50c9e8de78 -> 
  custom:audio-decoder-ogg-vorbis: bf7c407c2cedff20999df2af8eb42d56 -> 
  custom:audio-encoder-webm-vorbis: bf7c407c2cedff20999df2af8eb42d56 -> 
AssetImportWorkerClient::OnTransportError - code=2 error=End of file
